#
# There is insufficient memory for the Java Runtime Environment to continue.
# Native memory allocation (malloc) failed to allocate 1498416 bytes for Chunk::new
# Possible reasons:
#   The system is out of physical RAM or swap space
#   In 32 bit mode, the process size limit was hit
# Possible solutions:
#   Reduce memory load on the system
#   Increase physical memory or swap space
#   Check if swap backing store is full
#   Use 64 bit Java on a 64 bit OS
#   Decrease Java heap size (-Xmx/-Xms)
#   Decrease number of Java threads
#   Decrease Java thread stack sizes (-Xss)
#   Set larger code cache with -XX:ReservedCodeCacheSize=
# This output file may be truncated or incomplete.
#
#  Out of Memory Error (allocation.cpp:390), pid=12688, tid=0x0000000000000a18
#
# JRE version: Java(TM) SE Runtime Environment (8.0_101-b13) (build 1.8.0_101-b13)
# Java VM: Java HotSpot(TM) 64-Bit Server VM (25.101-b13 mixed mode windows-amd64 compressed oops)
# Failed to write core dump. Minidumps are not enabled by default on client versions of Windows
#

---------------  T H R E A D  ---------------

Current thread (0x000000001968f800):  JavaThread "C2 CompilerThread0" daemon [_thread_in_native, id=2584, stack(0x0000000019e60000,0x0000000019f60000)]

Stack: [0x0000000019e60000,0x0000000019f60000]
[error occurred during error reporting (printing stack bounds), id 0xc0000005]

Native frames: (J=compiled Java code, j=interpreted, Vv=VM code, C=native code)


Current CompileTask:
C2:   4056 3314       4       groovy.lang.MetaClassImpl$1MOPIter::methodNameAction (479 bytes)


---------------  P R O C E S S  ---------------

Java Threads: ( => current thread )
  0x000000001ac41000 JavaThread "File lock request listener" [_thread_in_native, id=10020, stack(0x000000001bc30000,0x000000001bd30000)]
  0x0000000019738000 JavaThread "Service Thread" daemon [_thread_blocked, id=3700, stack(0x000000001a260000,0x000000001a360000)]
  0x000000001969a000 JavaThread "C1 CompilerThread3" daemon [_thread_blocked, id=13244, stack(0x000000001a160000,0x000000001a260000)]
  0x0000000019693800 JavaThread "C2 CompilerThread2" daemon [_thread_in_vm, id=8100, stack(0x000000001a060000,0x000000001a160000)]
  0x0000000019692800 JavaThread "C2 CompilerThread1" daemon [_thread_in_native, id=6384, stack(0x0000000019f60000,0x000000001a060000)]
=>0x000000001968f800 JavaThread "C2 CompilerThread0" daemon [_thread_in_native, id=2584, stack(0x0000000019e60000,0x0000000019f60000)]
  0x000000001968c800 JavaThread "Attach Listener" daemon [_thread_blocked, id=6096, stack(0x0000000019d60000,0x0000000019e60000)]
  0x0000000019689800 JavaThread "Signal Dispatcher" daemon [_thread_blocked, id=12256, stack(0x0000000019c60000,0x0000000019d60000)]
  0x000000000281e000 JavaThread "Finalizer" daemon [_thread_blocked, id=1448, stack(0x0000000019a60000,0x0000000019b60000)]
  0x0000000002815000 JavaThread "Reference Handler" daemon [_thread_blocked, id=1204, stack(0x0000000019560000,0x0000000019660000)]
  0x0000000000dde000 JavaThread "main" [_thread_in_vm, id=5852, stack(0x0000000002570000,0x0000000002670000)]

Other Threads:
  0x0000000017789000 VMThread [stack: 0x0000000019460000,0x0000000019560000] [id=9304]
  0x000000001974d800 WatcherThread [stack: 0x000000001a360000,0x000000001a460000] [id=12760]

VM state:not at safepoint (normal execution)

VM Mutex/Monitor currently owned by a thread:  ([mutex/lock_event])
[0x0000000000dddb60] SystemDictionary_lock - owner thread: 0x0000000000000000

Heap:
 PSYoungGen      total 160768K, used 8963K [0x00000000d5f80000, 0x00000000e3f80000, 0x0000000100000000)
  eden space 147968K, 6% used [0x00000000d5f80000,0x00000000d6840fa0,0x00000000df000000)
  from space 12800K, 0% used [0x00000000dfe00000,0x00000000dfe00000,0x00000000e0a80000)
  to   space 14336K, 0% used [0x00000000df000000,0x00000000df000000,0x00000000dfe00000)
 ParOldGen       total 64000K, used 20025K [0x0000000081e00000, 0x0000000085c80000, 0x00000000d5f80000)
  object space 64000K, 31% used [0x0000000081e00000,0x000000008318e738,0x0000000085c80000)
 Metaspace       used 36517K, capacity 37246K, committed 37592K, reserved 1081344K
  class space    used 5072K, capacity 5332K, committed 5376K, reserved 1048576K

Card table byte_map: [0x0000000011be0000,0x0000000011fe0000] byte_map_base: 0x00000000117d1000

Marking Bits: (ParMarkBitMap*) 0x000000007210a6d0
 Begin Bits: [0x0000000012a90000, 0x0000000014a18000)
 End Bits:   [0x0000000014a18000, 0x00000000169a0000)

Polling page: 0x0000000000dc0000

CodeCache: size=245760Kb used=12858Kb max_used=12858Kb free=232901Kb
 bounds [0x0000000002820000, 0x00000000034c0000, 0x0000000011820000]
 total_blobs=4201 nmethods=3529 adapters=584
 compilation: enabled

Compilation events (10 events):
Event: 4.033 Thread 0x000000001969a000 nmethod 3476 0x0000000003486050 code [0x00000000034861a0, 0x00000000034862b0]
Event: 4.033 Thread 0x000000001969a000 3475       3       com.sun.xml.internal.bind.v2.model.nav.ReflectionNavigator::getMethodParameters (9 bytes)
Event: 4.033 Thread 0x000000001969a000 nmethod 3475 0x000000000348e1d0 code [0x000000000348e3a0, 0x000000000348ecc8]
Event: 4.033 Thread 0x000000001969a000 3477       3       com.sun.xml.internal.bind.v2.model.nav.ReflectionNavigator::getMethodParameters (5 bytes)
Event: 4.034 Thread 0x000000001969a000 nmethod 3477 0x000000000348d550 code [0x000000000348d720, 0x000000000348de88]
Event: 4.034 Thread 0x000000001969a000 3474       3       java.lang.Package::hashCode (8 bytes)
Event: 4.034 Thread 0x000000001969a000 nmethod 3474 0x000000000348d110 code [0x000000000348d280, 0x000000000348d488]
Event: 4.034 Thread 0x000000001969a000 3479       3       com.sun.xml.internal.bind.v2.model.nav.ReflectionNavigator::isBridgeMethod (9 bytes)
Event: 4.034 Thread 0x000000001969a000 nmethod 3479 0x000000000348c990 code [0x000000000348cb00, 0x000000000348cff0]
Event: 4.034 Thread 0x000000001969a000 3483       3       com.sun.xml.internal.bind.v2.model.nav.ReflectionNavigator::getMethodName (9 bytes)

GC Heap History (10 events):
Event: 1.893 GC heap before
{Heap before GC invocations=6 (full 1):
 PSYoungGen      total 71680K, used 5104K [0x00000000d5f80000, 0x00000000df780000, 0x0000000100000000)
  eden space 66560K, 0% used [0x00000000d5f80000,0x00000000d5f80000,0x00000000da080000)
  from space 5120K, 99% used [0x00000000da080000,0x00000000da57c040,0x00000000da580000)
  to   space 11264K, 0% used [0x00000000dec80000,0x00000000dec80000,0x00000000df780000)
 ParOldGen       total 87552K, used 9900K [0x0000000081e00000, 0x0000000087380000, 0x00000000d5f80000)
  object space 87552K, 11% used [0x0000000081e00000,0x00000000827ab2e8,0x0000000087380000)
 Metaspace       used 20803K, capacity 21080K, committed 21248K, reserved 1067008K
  class space    used 2854K, capacity 2969K, committed 3072K, reserved 1048576K
Event: 1.933 GC heap after
Heap after GC invocations=6 (full 1):
 PSYoungGen      total 71680K, used 0K [0x00000000d5f80000, 0x00000000df780000, 0x0000000100000000)
  eden space 66560K, 0% used [0x00000000d5f80000,0x00000000d5f80000,0x00000000da080000)
  from space 5120K, 0% used [0x00000000da080000,0x00000000da080000,0x00000000da580000)
  to   space 11264K, 0% used [0x00000000dec80000,0x00000000dec80000,0x00000000df780000)
 ParOldGen       total 64000K, used 10206K [0x0000000081e00000, 0x0000000085c80000, 0x00000000d5f80000)
  object space 64000K, 15% used [0x0000000081e00000,0x00000000827f7b00,0x0000000085c80000)
 Metaspace       used 20803K, capacity 21080K, committed 21248K, reserved 1067008K
  class space    used 2854K, capacity 2969K, committed 3072K, reserved 1048576K
}
Event: 2.624 GC heap before
{Heap before GC invocations=7 (full 1):
 PSYoungGen      total 71680K, used 66560K [0x00000000d5f80000, 0x00000000df780000, 0x0000000100000000)
  eden space 66560K, 100% used [0x00000000d5f80000,0x00000000da080000,0x00000000da080000)
  from space 5120K, 0% used [0x00000000da080000,0x00000000da080000,0x00000000da580000)
  to   space 11264K, 0% used [0x00000000dec80000,0x00000000dec80000,0x00000000df780000)
 ParOldGen       total 64000K, used 10206K [0x0000000081e00000, 0x0000000085c80000, 0x00000000d5f80000)
  object space 64000K, 15% used [0x0000000081e00000,0x00000000827f7b00,0x0000000085c80000)
 Metaspace       used 26090K, capacity 26506K, committed 26880K, reserved 1073152K
  class space    used 3636K, capacity 3795K, committed 3840K, reserved 1048576K
Event: 2.631 GC heap after
Heap after GC invocations=7 (full 1):
 PSYoungGen      total 107520K, used 6216K [0x00000000d5f80000, 0x00000000df300000, 0x0000000100000000)
  eden space 100864K, 0% used [0x00000000d5f80000,0x00000000d5f80000,0x00000000dc200000)
  from space 6656K, 93% used [0x00000000dec80000,0x00000000df2922c0,0x00000000df300000)
  to   space 10752K, 0% used [0x00000000dde00000,0x00000000dde00000,0x00000000de880000)
 ParOldGen       total 64000K, used 10214K [0x0000000081e00000, 0x0000000085c80000, 0x00000000d5f80000)
  object space 64000K, 15% used [0x0000000081e00000,0x00000000827f9b00,0x0000000085c80000)
 Metaspace       used 26090K, capacity 26506K, committed 26880K, reserved 1073152K
  class space    used 3636K, capacity 3795K, committed 3840K, reserved 1048576K
}
Event: 3.526 GC heap before
{Heap before GC invocations=8 (full 1):
 PSYoungGen      total 107520K, used 107080K [0x00000000d5f80000, 0x00000000df300000, 0x0000000100000000)
  eden space 100864K, 100% used [0x00000000d5f80000,0x00000000dc200000,0x00000000dc200000)
  from space 6656K, 93% used [0x00000000dec80000,0x00000000df2922c0,0x00000000df300000)
  to   space 10752K, 0% used [0x00000000dde00000,0x00000000dde00000,0x00000000de880000)
 ParOldGen       total 64000K, used 10214K [0x0000000081e00000, 0x0000000085c80000, 0x00000000d5f80000)
  object space 64000K, 15% used [0x0000000081e00000,0x00000000827f9b00,0x0000000085c80000)
 Metaspace       used 32633K, capacity 33122K, committed 33664K, reserved 1079296K
  class space    used 4481K, capacity 4612K, committed 4736K, reserved 1048576K
Event: 3.536 GC heap after
Heap after GC invocations=8 (full 1):
 PSYoungGen      total 140288K, used 10748K [0x00000000d5f80000, 0x00000000e0a80000, 0x0000000100000000)
  eden space 129536K, 0% used [0x00000000d5f80000,0x00000000d5f80000,0x00000000dde00000)
  from space 10752K, 99% used [0x00000000dde00000,0x00000000de87f290,0x00000000de880000)
  to   space 12800K, 0% used [0x00000000dfe00000,0x00000000dfe00000,0x00000000e0a80000)
 ParOldGen       total 64000K, used 11538K [0x0000000081e00000, 0x0000000085c80000, 0x00000000d5f80000)
  object space 64000K, 18% used [0x0000000081e00000,0x0000000082944a08,0x0000000085c80000)
 Metaspace       used 32633K, capacity 33122K, committed 33664K, reserved 1079296K
  class space    used 4481K, capacity 4612K, committed 4736K, reserved 1048576K
}
Event: 3.820 GC heap before
{Heap before GC invocations=9 (full 1):
 PSYoungGen      total 140288K, used 60281K [0x00000000d5f80000, 0x00000000e0a80000, 0x0000000100000000)
  eden space 129536K, 38% used [0x00000000d5f80000,0x00000000d8fdf290,0x00000000dde00000)
  from space 10752K, 99% used [0x00000000dde00000,0x00000000de87f290,0x00000000de880000)
  to   space 12800K, 0% used [0x00000000dfe00000,0x00000000dfe00000,0x00000000e0a80000)
 ParOldGen       total 64000K, used 11538K [0x0000000081e00000, 0x0000000085c80000, 0x00000000d5f80000)
  object space 64000K, 18% used [0x0000000081e00000,0x0000000082944a08,0x0000000085c80000)
 Metaspace       used 34528K, capacity 35132K, committed 35416K, reserved 1079296K
  class space    used 4748K, capacity 4961K, committed 4992K, reserved 1048576K
Event: 3.833 GC heap after
Heap after GC invocations=9 (full 1):
 PSYoungGen      total 160768K, used 12792K [0x00000000d5f80000, 0x00000000e3f80000, 0x0000000100000000)
  eden space 147968K, 0% used [0x00000000d5f80000,0x00000000d5f80000,0x00000000df000000)
  from space 12800K, 99% used [0x00000000dfe00000,0x00000000e0a7e2e8,0x00000000e0a80000)
  to   space 14336K, 0% used [0x00000000df000000,0x00000000df000000,0x00000000dfe00000)
 ParOldGen       total 64000K, used 11669K [0x0000000081e00000, 0x0000000085c80000, 0x00000000d5f80000)
  object space 64000K, 18% used [0x0000000081e00000,0x0000000082965680,0x0000000085c80000)
 Metaspace       used 34528K, capacity 35132K, committed 35416K, reserved 1079296K
  class space    used 4748K, capacity 4961K, committed 4992K, reserved 1048576K
}
Event: 3.833 GC heap before
{Heap before GC invocations=10 (full 2):
 PSYoungGen      total 160768K, used 12792K [0x00000000d5f80000, 0x00000000e3f80000, 0x0000000100000000)
  eden space 147968K, 0% used [0x00000000d5f80000,0x00000000d5f80000,0x00000000df000000)
  from space 12800K, 99% used [0x00000000dfe00000,0x00000000e0a7e2e8,0x00000000e0a80000)
  to   space 14336K, 0% used [0x00000000df000000,0x00000000df000000,0x00000000dfe00000)
 ParOldGen       total 64000K, used 11669K [0x0000000081e00000, 0x0000000085c80000, 0x00000000d5f80000)
  object space 64000K, 18% used [0x0000000081e00000,0x0000000082965680,0x0000000085c80000)
 Metaspace       used 34528K, capacity 35132K, committed 35416K, reserved 1079296K
  class space    used 4748K, capacity 4961K, committed 4992K, reserved 1048576K
Event: 3.906 GC heap after
Heap after GC invocations=10 (full 2):
 PSYoungGen      total 160768K, used 0K [0x00000000d5f80000, 0x00000000e3f80000, 0x0000000100000000)
  eden space 147968K, 0% used [0x00000000d5f80000,0x00000000d5f80000,0x00000000df000000)
  from space 12800K, 0% used [0x00000000dfe00000,0x00000000dfe00000,0x00000000e0a80000)
  to   space 14336K, 0% used [0x00000000df000000,0x00000000df000000,0x00000000dfe00000)
 ParOldGen       total 64000K, used 20025K [0x0000000081e00000, 0x0000000085c80000, 0x00000000d5f80000)
  object space 64000K, 31% used [0x0000000081e00000,0x000000008318e738,0x0000000085c80000)
 Metaspace       used 34528K, capacity 35132K, committed 35416K, reserved 1079296K
  class space    used 4748K, capacity 4961K, committed 4992K, reserved 1048576K
}

Deoptimization events (10 events):
Event: 3.570 Thread 0x0000000000dde000 Uncommon trap: reason=class_check action=maybe_recompile pc=0x00000000030a94e4 method=sun.security.provider.DigestBase.implCompressMultiBlock([BII)I @ 8
Event: 3.573 Thread 0x0000000000dde000 Uncommon trap: reason=unstable_if action=reinterpret pc=0x000000000318fbec method=java.security.CodeSource.getCertificates()[Ljava/security/cert/Certificate; @ 22
Event: 3.586 Thread 0x0000000000dde000 Uncommon trap: reason=unstable_if action=reinterpret pc=0x00000000030300bc method=java.util.LinkedHashMap.get(Ljava/lang/Object;)Ljava/lang/Object; @ 20
Event: 3.590 Thread 0x0000000000dde000 Uncommon trap: reason=class_check action=maybe_recompile pc=0x00000000030a94e4 method=sun.security.provider.DigestBase.implCompressMultiBlock([BII)I @ 8
Event: 3.591 Thread 0x0000000000dde000 Uncommon trap: reason=class_check action=maybe_recompile pc=0x00000000030a94e4 method=sun.security.provider.DigestBase.implCompressMultiBlock([BII)I @ 8
Event: 3.620 Thread 0x0000000000dde000 Uncommon trap: reason=bimorphic action=maybe_recompile pc=0x0000000002f6ccf8 method=java.util.regex.Pattern$Start.match(Ljava/util/regex/Matcher;ILjava/lang/CharSequence;)Z @ 44
Event: 4.020 Thread 0x0000000000dde000 Uncommon trap: reason=class_check action=maybe_recompile pc=0x000000000321c354 method=java.util.AbstractList$Itr.hasNext()Z @ 8
Event: 4.020 Thread 0x0000000000dde000 Uncommon trap: reason=class_check action=maybe_recompile pc=0x000000000321c354 method=java.util.AbstractList$Itr.hasNext()Z @ 8
Event: 4.023 Thread 0x0000000000dde000 Uncommon trap: reason=class_check action=maybe_recompile pc=0x000000000321c354 method=java.util.AbstractList$Itr.hasNext()Z @ 8
Event: 4.024 Thread 0x0000000000dde000 Uncommon trap: reason=class_check action=maybe_recompile pc=0x000000000321c354 method=java.util.AbstractList$Itr.hasNext()Z @ 8

Internal exceptions (10 events):
Event: 3.984 Thread 0x0000000000dde000 Exception <a 'sun/nio/fs/WindowsException'> (0x00000000d6416660) thrown at [C:\re\workspace\8-2-build-windows-amd64-cygwin\jdk8u101\7261\hotspot\src\share\vm\prims\jni.cpp, line 709]
Event: 3.984 Thread 0x0000000000dde000 Exception <a 'sun/nio/fs/WindowsException'> (0x00000000d6417060) thrown at [C:\re\workspace\8-2-build-windows-amd64-cygwin\jdk8u101\7261\hotspot\src\share\vm\prims\jni.cpp, line 709]
Event: 3.984 Thread 0x0000000000dde000 Exception <a 'sun/nio/fs/WindowsException'> (0x00000000d64186c0) thrown at [C:\re\workspace\8-2-build-windows-amd64-cygwin\jdk8u101\7261\hotspot\src\share\vm\prims\jni.cpp, line 709]
Event: 3.984 Thread 0x0000000000dde000 Exception <a 'sun/nio/fs/WindowsException'> (0x00000000d6419100) thrown at [C:\re\workspace\8-2-build-windows-amd64-cygwin\jdk8u101\7261\hotspot\src\share\vm\prims\jni.cpp, line 709]
Event: 3.984 Thread 0x0000000000dde000 Exception <a 'sun/nio/fs/WindowsException'> (0x00000000d641b8f8) thrown at [C:\re\workspace\8-2-build-windows-amd64-cygwin\jdk8u101\7261\hotspot\src\share\vm\prims\jni.cpp, line 709]
Event: 3.984 Thread 0x0000000000dde000 Exception <a 'sun/nio/fs/WindowsException'> (0x00000000d641c370) thrown at [C:\re\workspace\8-2-build-windows-amd64-cygwin\jdk8u101\7261\hotspot\src\share\vm\prims\jni.cpp, line 709]
Event: 3.984 Thread 0x0000000000dde000 Exception <a 'sun/nio/fs/WindowsException'> (0x00000000d641da48) thrown at [C:\re\workspace\8-2-build-windows-amd64-cygwin\jdk8u101\7261\hotspot\src\share\vm\prims\jni.cpp, line 709]
Event: 3.984 Thread 0x0000000000dde000 Exception <a 'sun/nio/fs/WindowsException'> (0x00000000d641e500) thrown at [C:\re\workspace\8-2-build-windows-amd64-cygwin\jdk8u101\7261\hotspot\src\share\vm\prims\jni.cpp, line 709]
Event: 3.991 Thread 0x0000000000dde000 Exception <a 'java/lang/ClassNotFoundException': com/sun/org/glassfish/hk2/osgiresourcelocator/ServiceLoader> (0x00000000d6473f00) thrown at [C:\re\workspace\8-2-build-windows-amd64-cygwin\jdk8u101\7261\hotspot\src\share\vm\classfile\systemDictionary.cpp, )ïçÈ˙@
Event: 3.998 Thread 0x0000000000dde000 Exception <a 'java/lang/NullPointerException'> (0x00000000d64aa0e8) thrown at [C:\re\workspace\8-2-build-windows-amd64-cygwin\jdk8u101\7261\hotspot\src\share\vm\interpreter\linkResolver.cpp, line 1280]

Events (10 events):
Event: 4.028 loading class com/sun/xml/internal/bind/v2/model/impl/ValuePropertyInfoImpl done
Event: 4.028 loading class com/sun/xml/internal/bind/v2/model/impl/RuntimeValuePropertyInfoImpl done
Event: 4.030 loading class com/android/repository/impl/meta/TypeDetails
Event: 4.030 loading class com/android/repository/impl/meta/TypeDetails done
Event: 4.030 loading class com/android/repository/impl/generated/v1/TypeDetails
Event: 4.030 loading class com/android/repository/impl/generated/v1/TypeDetails done
Event: 4.032 loading class com/sun/xml/internal/bind/v2/runtime/reflect/Accessor$GetterSetterReflection
Event: 4.032 loading class com/sun/xml/internal/bind/v2/runtime/reflect/Accessor$GetterSetterReflection done
Event: 4.033 loading class com/sun/xml/internal/bind/v2/model/impl/GetterSetterPropertySeed
Event: 4.033 loading class com/sun/xml/internal/bind/v2/model/impl/GetterSetterPropertySeed done


Dynamic libraries:
0x00007ff694d10000 - 0x00007ff694d47000 	C:\Program Files\Java\jdk1.8.0_101\bin\java.exe
0x00007ffb924f0000 - 0x00007ffb926c1000 	C:\WINDOWS\SYSTEM32\ntdll.dll
0x00007ffb8faf0000 - 0x00007ffb8fb9b000 	C:\WINDOWS\System32\KERNEL32.DLL
0x00007ffb8bf30000 - 0x00007ffb8bf63000 	C:\Program Files\AVAST Software\Avast\x64\aswhooka.dll
0x00007ffb8eeb0000 - 0x00007ffb8f0cd000 	C:\WINDOWS\System32\KERNELBASE.dll
0x00007ffb90720000 - 0x00007ffb907c2000 	C:\WINDOWS\System32\ADVAPI32.dll
0x00007ffb90390000 - 0x00007ffb9042e000 	C:\WINDOWS\System32\msvcrt.dll
0x00007ffb90490000 - 0x00007ffb904e9000 	C:\WINDOWS\System32\sechost.dll
0x00007ffb922f0000 - 0x00007ffb92411000 	C:\WINDOWS\System32\RPCRT4.dll
0x00007ffb904f0000 - 0x00007ffb90655000 	C:\WINDOWS\System32\USER32.dll
0x00007ffb8ece0000 - 0x00007ffb8ecfe000 	C:\WINDOWS\System32\win32u.dll
0x00007ffb92430000 - 0x00007ffb92464000 	C:\WINDOWS\System32\GDI32.dll
0x00007ffb8eb50000 - 0x00007ffb8ecd2000 	C:\WINDOWS\System32\gdi32full.dll
0x00007ffb82a20000 - 0x00007ffb82c9a000 	C:\WINDOWS\WinSxS\amd64_microsoft.windows.common-controls_6595b64144ccf1df_6.0.14393.953_none_42151e83c686086b\COMCTL32.dll
0x00007ffb90000000 - 0x00007ffb902c8000 	C:\WINDOWS\System32\combase.dll
0x00007ffb8edb0000 - 0x00007ffb8eea5000 	C:\WINDOWS\System32\ucrtbase.dll
0x00007ffb8eae0000 - 0x00007ffb8eb4a000 	C:\WINDOWS\System32\bcryptPrimitives.dll
0x00007ffb92120000 - 0x00007ffb9214e000 	C:\WINDOWS\System32\IMM32.DLL
0x0000000072190000 - 0x0000000072262000 	C:\Program Files\Java\jdk1.8.0_101\jre\bin\msvcr100.dll
0x00000000718f0000 - 0x000000007218a000 	C:\Program Files\Java\jdk1.8.0_101\jre\bin\server\jvm.dll
0x00007ffb92470000 - 0x00007ffb92478000 	C:\WINDOWS\System32\PSAPI.DLL
0x00007ffb80a10000 - 0x00007ffb80a19000 	C:\WINDOWS\SYSTEM32\WSOCK32.dll
0x00007ffb92480000 - 0x00007ffb924ea000 	C:\WINDOWS\System32\WS2_32.dll
0x00007ffb8beb0000 - 0x00007ffb8bed3000 	C:\WINDOWS\SYSTEM32\WINMM.dll
0x00007ffb8ce90000 - 0x00007ffb8ce9a000 	C:\WINDOWS\SYSTEM32\VERSION.dll
0x00007ffb8be80000 - 0x00007ffb8beab000 	C:\WINDOWS\SYSTEM32\WINMMBASE.dll
0x00007ffb8e9e0000 - 0x00007ffb8ea22000 	C:\WINDOWS\System32\cfgmgr32.dll
0x00000000718e0000 - 0x00000000718ef000 	C:\Program Files\Java\jdk1.8.0_101\jre\bin\verify.dll
0x00000000718b0000 - 0x00000000718d9000 	C:\Program Files\Java\jdk1.8.0_101\jre\bin\java.dll
0x0000000071890000 - 0x00000000718a6000 	C:\Program Files\Java\jdk1.8.0_101\jre\bin\zip.dll
0x00007ffb90c10000 - 0x00007ffb92118000 	C:\WINDOWS\System32\SHELL32.dll
0x00007ffb8f3a0000 - 0x00007ffb8fa7a000 	C:\WINDOWS\System32\windows.storage.dll
0x00007ffb8e990000 - 0x00007ffb8e9dc000 	C:\WINDOWS\System32\powrprof.dll
0x00007ffb906c0000 - 0x00007ffb90712000 	C:\WINDOWS\System32\shlwapi.dll
0x00007ffb8e960000 - 0x00007ffb8e96f000 	C:\WINDOWS\System32\kernel.appcore.dll
0x00007ffb8ea30000 - 0x00007ffb8ead9000 	C:\WINDOWS\System32\shcore.dll
0x00007ffb8e970000 - 0x00007ffb8e984000 	C:\WINDOWS\System32\profapi.dll
0x0000000071870000 - 0x000000007188a000 	C:\Program Files\Java\jdk1.8.0_101\jre\bin\net.dll
0x00007ffb8df20000 - 0x00007ffb8df7c000 	C:\WINDOWS\system32\mswsock.dll
0x0000000071850000 - 0x0000000071861000 	C:\Program Files\Java\jdk1.8.0_101\jre\bin\nio.dll
0x00007ffb8a6f0000 - 0x00007ffb8a702000 	C:\Users\Hyster\.gradle\native\19\windows-amd64\native-platform.dll
0x00007ffb8e380000 - 0x00007ffb8e397000 	C:\WINDOWS\SYSTEM32\CRYPTSP.dll
0x00007ffb8db20000 - 0x00007ffb8db53000 	C:\WINDOWS\system32\rsaenh.dll
0x00007ffb8e8a0000 - 0x00007ffb8e8cb000 	C:\WINDOWS\SYSTEM32\bcrypt.dll
0x00007ffb8dda0000 - 0x00007ffb8ddbf000 	C:\WINDOWS\SYSTEM32\USERENV.dll
0x00007ffb8e0c0000 - 0x00007ffb8e0cb000 	C:\WINDOWS\SYSTEM32\CRYPTBASE.dll
0x00007ffb8dca0000 - 0x00007ffb8dcd8000 	C:\WINDOWS\SYSTEM32\IPHLPAPI.DLL
0x00007ffb92420000 - 0x00007ffb92428000 	C:\WINDOWS\System32\NSI.dll
0x00007ffb87130000 - 0x00007ffb87146000 	C:\WINDOWS\SYSTEM32\dhcpcsvc6.DLL
0x00007ffb874b0000 - 0x00007ffb874ca000 	C:\WINDOWS\SYSTEM32\dhcpcsvc.DLL
0x0000000071840000 - 0x000000007184d000 	C:\Program Files\Java\jdk1.8.0_101\jre\bin\management.dll

VM Arguments:
jvm_args: -Dorg.gradle.appname=gradlew 
java_command: org.gradle.wrapper.GradleWrapperMain installDebug
java_class_path (initial): E:\Dropbox\Documents\projekty\FriendlyLinesManager\android\\gradle\wrapper\gradle-wrapper.jar
Launcher Type: SUN_STANDARD

Environment Variables:
JAVA_HOME=C:\Program Files\Java\jdk1.8.0_101
CLASSPATH=E:\Dropbox\Documents\projekty\FriendlyLinesManager\android\\gradle\wrapper\gradle-wrapper.jar
PATH=C:\Python27\;C:\Python27\Scripts;C:\Program Files\Haskell\bin;E:\Program Files\Haskell Platform\8.0.1\lib\extralibs\bin;E:\Program Files\Haskell Platform\8.0.1\bin;C:\ProgramData\Oracle\Java\javapath;C:\Program Files (x86)\NVIDIA Corporation\PhysX\Common;C:\WINDOWS\system32;C:\WINDOWS;C:\WINDOWS\System32\Wbem;C:\WINDOWS\System32\WindowsPowerShell\v1.0\;C:\Program Files\Microsoft SQL Server\110\Tools\Binn\;E:\Program Files (x86)\Perforce\DVCS\;C:\Program Files (x86)\Heroku\bin;C:\Program Files (x86)\git\cmd;C:\Program Files (x86)\GtkSharp\2.12\bin;C:\Program Files\Microsoft SQL Server\Client SDK\ODBC\110\Tools\Binn\;C:\Program Files (x86)\Microsoft SQL Server\120\Tools\Binn\;C:\Program Files\Microsoft SQL Server\120\Tools\Binn\;C:\Program Files\Microsoft SQL Server\120\DTS\Binn\;C:\Program Files (x86)\Microsoft SQL Server\120\Tools\Binn\ManagementStudio\;C:\Program Files (x86)\Microsoft SQL Server\120\DTS\Binn\;E:\Program Files\Haskell Platform\8.0.1\mingw\bin;C:\Program Files (x86)\Skype\Phone\;C:\ProgramData\chocolatey\bin;C:\Program Files\nodejs\;C:\Program Files\Microsoft SQL Server\130\Tools\Binn\;C:\Program Files\dotnet\;C:\Program Files\Git\cmd;C:\Users\Hyster\AppData\Roaming\cabal\bin;C:\Users\Hyster\AppData\Roaming\local\bin;C:\Users\Hyster\.dnx\bin;C:\Users\Hyster\AppData\Local\Programs\Python\Python35-32\Scripts\;C:\Users\Hyster\AppData\Local\Programs\Python\Python35-32\;C:\Program Files\Docker Toolbox;C:\Users\Hyster\AppData\Local\Microsoft\WindowsApps;C:\Users\Hyster\AppData\Roaming\npm;C:\Users\Hyster\AppData\Local\Android\sdk\tools;C:\Program Files (x86)\Android\android-sdk\platform-tools
USERNAME=Hyster
OS=Windows_NT
PROCESSOR_IDENTIFIER=Intel64 Family 6 Model 60 Stepping 3, GenuineIntel



---------------  S Y S T E M  ---------------

OS: Windows 10.0 , 64 bit Build 14393 (10.0.14393.0)

CPU:total 8 (4 cores per cpu, 2 threads per core) family 6 model 60 stepping 3, cmov, cx8, fxsr, mmx, sse, sse2, sse3, ssse3, sse4.1, sse4.2, popcnt, avx, avx2, aes, clmul, erms, lzcnt, ht, tsc, tscinvbit, bmi1, bmi2

Memory: 4k page, physical 8263652k(1110512k free), swap 12316528k(1628k free)

vm_info: Java HotSpot(TM) 64-Bit Server VM (25.101-b13) for windows-amd64 JRE (1.8.0_101-b13), built on Jun 22 2016 01:21:29 by "java_re" with MS VC++ 10.0 (VS2010)

time: Sat Apr 22 13:47:58 2017
elapsed time: 4 seconds (0d 0h 0m 4s)

