#
# There is insufficient memory for the Java Runtime Environment to continue.
# Native memory allocation (malloc) failed to allocate 1526800 bytes for Chunk::new
# Possible reasons:
#   The system is out of physical RAM or swap space
#   In 32 bit mode, the process size limit was hit
# Possible solutions:
#   Reduce memory load on the system
#   Increase physical memory or swap space
#   Check if swap backing store is full
#   Use 64 bit Java on a 64 bit OS
#   Decrease Java heap size (-Xmx/-Xms)
#   Decrease number of Java threads
#   Decrease Java thread stack sizes (-Xss)
#   Set larger code cache with -XX:ReservedCodeCacheSize=
# This output file may be truncated or incomplete.
#
#  Out of Memory Error (allocation.cpp:390), pid=488, tid=0x0000000000000918
#
# JRE version: Java(TM) SE Runtime Environment (8.0_101-b13) (build 1.8.0_101-b13)
# Java VM: Java HotSpot(TM) 64-Bit Server VM (25.101-b13 mixed mode windows-amd64 compressed oops)
# Failed to write core dump. Minidumps are not enabled by default on client versions of Windows
#

---------------  T H R E A D  ---------------

Current thread (0x00000000196ed000):  JavaThread "C2 CompilerThread0" daemon [_thread_in_native, id=2328, stack(0x0000000019ec0000,0x0000000019fc0000)]

Stack: [0x0000000019ec0000,0x0000000019fc0000]
[error occurred during error reporting (printing stack bounds), id 0xc0000005]

Native frames: (J=compiled Java code, j=interpreted, Vv=VM code, C=native code)


Current CompileTask:
C2:   4170 3549       4       sun.reflect.generics.parser.SignatureParser::parseFieldTypeSignature (73 bytes)


---------------  P R O C E S S  ---------------

Java Threads: ( => current thread )
  0x000000001c88d000 JavaThread "File lock request listener" [_thread_in_native, id=12388, stack(0x000000001fa00000,0x000000001fb00000)]
  0x000000001978a800 JavaThread "Service Thread" daemon [_thread_blocked, id=11616, stack(0x000000001a2c0000,0x000000001a3c0000)]
  0x0000000019703800 JavaThread "C1 CompilerThread3" daemon [_thread_in_native, id=9440, stack(0x000000001a1c0000,0x000000001a2c0000)]
  0x00000000196f8800 JavaThread "C2 CompilerThread2" daemon [_thread_in_native, id=1828, stack(0x000000001a0c0000,0x000000001a1c0000)]
  0x00000000196f0000 JavaThread "C2 CompilerThread1" daemon [_thread_in_native, id=11552, stack(0x0000000019fc0000,0x000000001a0c0000)]
=>0x00000000196ed000 JavaThread "C2 CompilerThread0" daemon [_thread_in_native, id=2328, stack(0x0000000019ec0000,0x0000000019fc0000)]
  0x00000000196ea000 JavaThread "Attach Listener" daemon [_thread_blocked, id=13984, stack(0x0000000019dc0000,0x0000000019ec0000)]
  0x00000000196e8800 JavaThread "Signal Dispatcher" daemon [_thread_blocked, id=13032, stack(0x0000000019cc0000,0x0000000019dc0000)]
  0x000000000285e000 JavaThread "Finalizer" daemon [_thread_blocked, id=8636, stack(0x0000000019ac0000,0x0000000019bc0000)]
  0x0000000002855000 JavaThread "Reference Handler" daemon [_thread_blocked, id=1396, stack(0x00000000195c0000,0x00000000196c0000)]
  0x000000000275e000 JavaThread "main" [_thread_in_vm, id=6932, stack(0x00000000025f0000,0x00000000026f0000)]

Other Threads:
  0x00000000177c9000 VMThread [stack: 0x00000000194c0000,0x00000000195c0000] [id=3252]
  0x00000000197a7800 WatcherThread [stack: 0x000000001a3c0000,0x000000001a4c0000] [id=11804]

VM state:not at safepoint (normal execution)

VM Mutex/Monitor currently owned by a thread: None

Heap:
 PSYoungGen      total 141824K, used 23224K [0x00000000d5f80000, 0x00000000e0f80000, 0x0000000100000000)
  eden space 129024K, 17% used [0x00000000d5f80000,0x00000000d762e080,0x00000000ddd80000)
  from space 12800K, 0% used [0x00000000e0300000,0x00000000e0300000,0x00000000e0f80000)
  to   space 10752K, 0% used [0x00000000ddd80000,0x00000000ddd80000,0x00000000de800000)
 ParOldGen       total 96256K, used 19980K [0x0000000081e00000, 0x0000000087c00000, 0x00000000d5f80000)
  object space 96256K, 20% used [0x0000000081e00000,0x00000000831830d0,0x0000000087c00000)
 Metaspace       used 39684K, capacity 40374K, committed 40792K, reserved 1085440K
  class space    used 5445K, capacity 5688K, committed 5760K, reserved 1048576K

Card table byte_map: [0x0000000011c20000,0x0000000012020000] byte_map_base: 0x0000000011811000

Marking Bits: (ParMarkBitMap*) 0x000000007210a6d0
 Begin Bits: [0x0000000012ad0000, 0x0000000014a58000)
 End Bits:   [0x0000000014a58000, 0x00000000169e0000)

Polling page: 0x0000000002550000

CodeCache: size=245760Kb used=13902Kb max_used=13902Kb free=231857Kb
 bounds [0x0000000002860000, 0x0000000003600000, 0x0000000011860000]
 total_blobs=4535 nmethods=3848 adapters=599
 compilation: enabled

Compilation events (10 events):
Event: 4.167 Thread 0x0000000019703800 nmethod 3854 0x00000000035eea10 code [0x00000000035eeb80, 0x00000000035eef08]
Event: 4.167 Thread 0x0000000019703800 3856       3       com.sun.org.apache.xerces.internal.impl.xpath.regex.RegularExpression$StringTarget::charAt (9 bytes)
Event: 4.167 Thread 0x0000000019703800 nmethod 3856 0x00000000035ee2d0 code [0x00000000035ee440, 0x00000000035ee7c8]
Event: 4.167 Thread 0x0000000019703800 3861       3       java.lang.ThreadLocal$ThreadLocalMap::getEntryAfterMiss (63 bytes)
Event: 4.167 Thread 0x0000000019703800 nmethod 3861 0x00000000035f54d0 code [0x00000000035f5660, 0x00000000035f5bc8]
Event: 4.167 Thread 0x0000000019703800 3858       3       com.sun.org.apache.xerces.internal.util.IntStack::push (28 bytes)
Event: 4.168 Thread 0x0000000019703800 nmethod 3858 0x00000000035f5dd0 code [0x00000000035f5f40, 0x00000000035f6128]
Event: 4.168 Thread 0x0000000019703800 3859       3       com.sun.org.apache.xerces.internal.util.IntStack::ensureCapacity (58 bytes)
Event: 4.168 Thread 0x0000000019703800 nmethod 3859 0x00000000035f6210 code [0x00000000035f6380, 0x00000000035f6768]
Event: 4.168 Thread 0x0000000019703800 3860       3       com.sun.org.apache.xerces.internal.util.IntStack::pop (17 bytes)

GC Heap History (10 events):
Event: 1.835 GC heap before
{Heap before GC invocations=6 (full 1):
 PSYoungGen      total 71680K, used 5104K [0x00000000d5f80000, 0x00000000df680000, 0x0000000100000000)
  eden space 66560K, 0% used [0x00000000d5f80000,0x00000000d5f80000,0x00000000da080000)
  from space 5120K, 99% used [0x00000000da080000,0x00000000da57c040,0x00000000da580000)
  to   space 10752K, 0% used [0x00000000dec00000,0x00000000dec00000,0x00000000df680000)
 ParOldGen       total 87552K, used 9900K [0x0000000081e00000, 0x0000000087380000, 0x00000000d5f80000)
  object space 87552K, 11% used [0x0000000081e00000,0x00000000827ab228,0x0000000087380000)
 Metaspace       used 20810K, capacity 21086K, committed 21248K, reserved 1067008K
  class space    used 2855K, capacity 2970K, committed 3072K, reserved 1048576K
Event: 1.874 GC heap after
Heap after GC invocations=6 (full 1):
 PSYoungGen      total 71680K, used 0K [0x00000000d5f80000, 0x00000000df680000, 0x0000000100000000)
  eden space 66560K, 0% used [0x00000000d5f80000,0x00000000d5f80000,0x00000000da080000)
  from space 5120K, 0% used [0x00000000da080000,0x00000000da080000,0x00000000da580000)
  to   space 10752K, 0% used [0x00000000dec00000,0x00000000dec00000,0x00000000df680000)
 ParOldGen       total 61952K, used 9324K [0x0000000081e00000, 0x0000000085a80000, 0x00000000d5f80000)
  object space 61952K, 15% used [0x0000000081e00000,0x000000008271b2b8,0x0000000085a80000)
 Metaspace       used 20810K, capacity 21086K, committed 21248K, reserved 1067008K
  class space    used 2855K, capacity 2970K, committed 3072K, reserved 1048576K
}
Event: 2.583 GC heap before
{Heap before GC invocations=7 (full 1):
 PSYoungGen      total 71680K, used 66560K [0x00000000d5f80000, 0x00000000df680000, 0x0000000100000000)
  eden space 66560K, 100% used [0x00000000d5f80000,0x00000000da080000,0x00000000da080000)
  from space 5120K, 0% used [0x00000000da080000,0x00000000da080000,0x00000000da580000)
  to   space 10752K, 0% used [0x00000000dec00000,0x00000000dec00000,0x00000000df680000)
 ParOldGen       total 61952K, used 9324K [0x0000000081e00000, 0x0000000085a80000, 0x00000000d5f80000)
  object space 61952K, 15% used [0x0000000081e00000,0x000000008271b2b8,0x0000000085a80000)
 Metaspace       used 26093K, capacity 26570K, committed 26880K, reserved 1073152K
  class space    used 3636K, capacity 3795K, committed 3840K, reserved 1048576K
Event: 2.590 GC heap after
Heap after GC invocations=7 (full 1):
 PSYoungGen      total 109568K, used 6240K [0x00000000d5f80000, 0x00000000df280000, 0x0000000100000000)
  eden space 102912K, 0% used [0x00000000d5f80000,0x00000000d5f80000,0x00000000dc400000)
  from space 6656K, 93% used [0x00000000dec00000,0x00000000df2181d0,0x00000000df280000)
  to   space 10752K, 0% used [0x00000000ddd80000,0x00000000ddd80000,0x00000000de800000)
 ParOldGen       total 61952K, used 9332K [0x0000000081e00000, 0x0000000085a80000, 0x00000000d5f80000)
  object space 61952K, 15% used [0x0000000081e00000,0x000000008271d2b8,0x0000000085a80000)
 Metaspace       used 26093K, capacity 26570K, committed 26880K, reserved 1073152K
  class space    used 3636K, capacity 3795K, committed 3840K, reserved 1048576K
}
Event: 3.511 GC heap before
{Heap before GC invocations=8 (full 1):
 PSYoungGen      total 109568K, used 109152K [0x00000000d5f80000, 0x00000000df280000, 0x0000000100000000)
  eden space 102912K, 100% used [0x00000000d5f80000,0x00000000dc400000,0x00000000dc400000)
  from space 6656K, 93% used [0x00000000dec00000,0x00000000df2181d0,0x00000000df280000)
  to   space 10752K, 0% used [0x00000000ddd80000,0x00000000ddd80000,0x00000000de800000)
 ParOldGen       total 61952K, used 9332K [0x0000000081e00000, 0x0000000085a80000, 0x00000000d5f80000)
  object space 61952K, 15% used [0x0000000081e00000,0x000000008271d2b8,0x0000000085a80000)
 Metaspace       used 33340K, capacity 33858K, committed 34176K, reserved 1079296K
  class space    used 4558K, capacity 4708K, committed 4736K, reserved 1048576K
Event: 3.520 GC heap after
Heap after GC invocations=8 (full 1):
 PSYoungGen      total 139776K, used 10720K [0x00000000d5f80000, 0x00000000e0f80000, 0x0000000100000000)
  eden space 129024K, 0% used [0x00000000d5f80000,0x00000000d5f80000,0x00000000ddd80000)
  from space 10752K, 99% used [0x00000000ddd80000,0x00000000de7f8060,0x00000000de800000)
  to   space 12800K, 0% used [0x00000000e0300000,0x00000000e0300000,0x00000000e0f80000)
 ParOldGen       total 61952K, used 10912K [0x0000000081e00000, 0x0000000085a80000, 0x00000000d5f80000)
  object space 61952K, 17% used [0x0000000081e00000,0x00000000828a8190,0x0000000085a80000)
 Metaspace       used 33340K, capacity 33858K, committed 34176K, reserved 1079296K
  class space    used 4558K, capacity 4708K, committed 4736K, reserved 1048576K
}
Event: 3.753 GC heap before
{Heap before GC invocations=9 (full 1):
 PSYoungGen      total 139776K, used 57141K [0x00000000d5f80000, 0x00000000e0f80000, 0x0000000100000000)
  eden space 129024K, 35% used [0x00000000d5f80000,0x00000000d8cd5468,0x00000000ddd80000)
  from space 10752K, 99% used [0x00000000ddd80000,0x00000000de7f8060,0x00000000de800000)
  to   space 12800K, 0% used [0x00000000e0300000,0x00000000e0300000,0x00000000e0f80000)
 ParOldGen       total 61952K, used 10912K [0x0000000081e00000, 0x0000000085a80000, 0x00000000d5f80000)
  object space 61952K, 17% used [0x0000000081e00000,0x00000000828a8190,0x0000000085a80000)
 Metaspace       used 34503K, capacity 35068K, committed 35416K, reserved 1079296K
  class space    used 4750K, capacity 4961K, committed 4992K, reserved 1048576K
Event: 3.764 GC heap after
Heap after GC invocations=9 (full 1):
 PSYoungGen      total 141824K, used 12768K [0x00000000d5f80000, 0x00000000e0f80000, 0x0000000100000000)
  eden space 129024K, 0% used [0x00000000d5f80000,0x00000000d5f80000,0x00000000ddd80000)
  from space 12800K, 99% used [0x00000000e0300000,0x00000000e0f78030,0x00000000e0f80000)
  to   space 10752K, 0% used [0x00000000ddd80000,0x00000000ddd80000,0x00000000de800000)
 ParOldGen       total 61952K, used 11100K [0x0000000081e00000, 0x0000000085a80000, 0x00000000d5f80000)
  object space 61952K, 17% used [0x0000000081e00000,0x00000000828d73f0,0x0000000085a80000)
 Metaspace       used 34503K, capacity 35068K, committed 35416K, reserved 1079296K
  class space    used 4750K, capacity 4961K, committed 4992K, reserved 1048576K
}
Event: 3.765 GC heap before
{Heap before GC invocations=10 (full 2):
 PSYoungGen      total 141824K, used 12768K [0x00000000d5f80000, 0x00000000e0f80000, 0x0000000100000000)
  eden space 129024K, 0% used [0x00000000d5f80000,0x00000000d5f80000,0x00000000ddd80000)
  from space 12800K, 99% used [0x00000000e0300000,0x00000000e0f78030,0x00000000e0f80000)
  to   space 10752K, 0% used [0x00000000ddd80000,0x00000000ddd80000,0x00000000de800000)
 ParOldGen       total 61952K, used 11100K [0x0000000081e00000, 0x0000000085a80000, 0x00000000d5f80000)
  object space 61952K, 17% used [0x0000000081e00000,0x00000000828d73f0,0x0000000085a80000)
 Metaspace       used 34503K, capacity 35068K, committed 35416K, reserved 1079296K
  class space    used 4750K, capacity 4961K, committed 4992K, reserved 1048576K
Event: 3.831 GC heap after
Heap after GC invocations=10 (full 2):
 PSYoungGen      total 141824K, used 0K [0x00000000d5f80000, 0x00000000e0f80000, 0x0000000100000000)
  eden space 129024K, 0% used [0x00000000d5f80000,0x00000000d5f80000,0x00000000ddd80000)
  from space 12800K, 0% used [0x00000000e0300000,0x00000000e0300000,0x00000000e0f80000)
  to   space 10752K, 0% used [0x00000000ddd80000,0x00000000ddd80000,0x00000000de800000)
 ParOldGen       total 96256K, used 19980K [0x0000000081e00000, 0x0000000087c00000, 0x00000000d5f80000)
  object space 96256K, 20% used [0x0000000081e00000,0x00000000831830d0,0x0000000087c00000)
 Metaspace       used 34503K, capacity 35068K, committed 35416K, reserved 1079296K
  class space    used 4750K, capacity 4961K, committed 4992K, reserved 1048576K
}

Deoptimization events (10 events):
Event: 3.930 Thread 0x000000000275e000 Uncommon trap: reason=class_check action=maybe_recompile pc=0x0000000003233e54 method=java.util.AbstractList$Itr.hasNext()Z @ 8
Event: 3.931 Thread 0x000000000275e000 Uncommon trap: reason=class_check action=maybe_recompile pc=0x0000000003233e54 method=java.util.AbstractList$Itr.hasNext()Z @ 8
Event: 3.931 Thread 0x000000000275e000 Uncommon trap: reason=class_check action=maybe_recompile pc=0x0000000003233e54 method=java.util.AbstractList$Itr.hasNext()Z @ 8
Event: 3.931 Thread 0x000000000275e000 Uncommon trap: reason=class_check action=maybe_recompile pc=0x0000000003233e54 method=java.util.AbstractList$Itr.hasNext()Z @ 8
Event: 3.998 Thread 0x000000000275e000 Uncommon trap: reason=unstable_if action=reinterpret pc=0x0000000002b8955c method=java.io.DataInputStream.readUTF(Ljava/io/DataInput;)Ljava/lang/String; @ 31
Event: 4.031 Thread 0x000000000275e000 Uncommon trap: reason=class_check action=maybe_recompile pc=0x000000000352cff4 method=java.io.FilterInputStream.read()I @ 4
Event: 4.031 Thread 0x000000000275e000 Uncommon trap: reason=class_check action=maybe_recompile pc=0x000000000352cff4 method=java.io.FilterInputStream.read()I @ 4
Event: 4.031 Thread 0x000000000275e000 Uncommon trap: reason=class_check action=maybe_recompile pc=0x000000000352cff4 method=java.io.FilterInputStream.read()I @ 4
Event: 4.031 Thread 0x000000000275e000 Uncommon trap: reason=class_check action=maybe_recompile pc=0x000000000352cff4 method=java.io.FilterInputStream.read()I @ 4
Event: 4.075 Thread 0x000000000275e000 Uncommon trap: reason=unstable_if action=reinterpret pc=0x0000000003192528 method=java.util.regex.Pattern$BmpCharProperty.match(Ljava/util/regex/Matcher;ILjava/lang/CharSequence;)Z @ 34

Internal exceptions (10 events):
Event: 3.904 Thread 0x000000000275e000 Exception <a 'sun/nio/fs/WindowsException'> (0x00000000d6417a60) thrown at [C:\re\workspace\8-2-build-windows-amd64-cygwin\jdk8u101\7261\hotspot\src\share\vm\prims\jni.cpp, line 709]
Event: 3.904 Thread 0x000000000275e000 Exception <a 'sun/nio/fs/WindowsException'> (0x00000000d6418460) thrown at [C:\re\workspace\8-2-build-windows-amd64-cygwin\jdk8u101\7261\hotspot\src\share\vm\prims\jni.cpp, line 709]
Event: 3.904 Thread 0x000000000275e000 Exception <a 'sun/nio/fs/WindowsException'> (0x00000000d6419ac0) thrown at [C:\re\workspace\8-2-build-windows-amd64-cygwin\jdk8u101\7261\hotspot\src\share\vm\prims\jni.cpp, line 709]
Event: 3.904 Thread 0x000000000275e000 Exception <a 'sun/nio/fs/WindowsException'> (0x00000000d641a500) thrown at [C:\re\workspace\8-2-build-windows-amd64-cygwin\jdk8u101\7261\hotspot\src\share\vm\prims\jni.cpp, line 709]
Event: 3.904 Thread 0x000000000275e000 Exception <a 'sun/nio/fs/WindowsException'> (0x00000000d641ccf8) thrown at [C:\re\workspace\8-2-build-windows-amd64-cygwin\jdk8u101\7261\hotspot\src\share\vm\prims\jni.cpp, line 709]
Event: 3.904 Thread 0x000000000275e000 Exception <a 'sun/nio/fs/WindowsException'> (0x00000000d641d770) thrown at [C:\re\workspace\8-2-build-windows-amd64-cygwin\jdk8u101\7261\hotspot\src\share\vm\prims\jni.cpp, line 709]
Event: 3.904 Thread 0x000000000275e000 Exception <a 'sun/nio/fs/WindowsException'> (0x00000000d641ee48) thrown at [C:\re\workspace\8-2-build-windows-amd64-cygwin\jdk8u101\7261\hotspot\src\share\vm\prims\jni.cpp, line 709]
Event: 3.904 Thread 0x000000000275e000 Exception <a 'sun/nio/fs/WindowsException'> (0x00000000d641f900) thrown at [C:\re\workspace\8-2-build-windows-amd64-cygwin\jdk8u101\7261\hotspot\src\share\vm\prims\jni.cpp, line 709]
Event: 3.909 Thread 0x000000000275e000 Exception <a 'java/lang/ClassNotFoundException': com/sun/org/glassfish/hk2/osgiresourcelocator/ServiceLoader> (0x00000000d6475300) thrown at [C:\re\workspace\8-2-build-windows-amd64-cygwin\jdk8u101\7261\hotspot\src\share\vm\classfile\systemDictionary.cpp, €]]&O@
Event: 3.914 Thread 0x000000000275e000 Exception <a 'java/lang/NullPointerException'> (0x00000000d64d0c90) thrown at [C:\re\workspace\8-2-build-windows-amd64-cygwin\jdk8u101\7261\hotspot\src\share\vm\interpreter\linkResolver.cpp, line 1280]

Events (10 events):
Event: 4.100 loading class com/sun/xml/internal/bind/DatatypeConverterImpl
Event: 4.100 loading class javax/xml/bind/DatatypeConverterInterface
Event: 4.100 loading class javax/xml/bind/DatatypeConverterInterface done
Event: 4.101 loading class com/sun/xml/internal/bind/DatatypeConverterImpl done
Event: 4.103 loading class com/sun/xml/internal/bind/v2/runtime/unmarshaller/DefaultIDResolver$1
Event: 4.103 loading class com/sun/xml/internal/bind/v2/runtime/unmarshaller/DefaultIDResolver$1 done
Event: 4.158 Thread 0x000000000275e000 DEOPT PACKING pc=0x00000000035ac8bd sp=0x00000000026eb7e0
Event: 4.158 Thread 0x000000000275e000 DEOPT UNPACKING pc=0x00000000028a787f sp=0x00000000026eb5a8 mode 0
Event: 4.159 Thread 0x000000000275e000 DEOPT PACKING pc=0x00000000035ac8bd sp=0x00000000026eb730
Event: 4.159 Thread 0x000000000275e000 DEOPT UNPACKING pc=0x00000000028a787f sp=0x00000000026eb4f8 mode 0


Dynamic libraries:
0x00007ff694d10000 - 0x00007ff694d47000 	C:\Program Files\Java\jdk1.8.0_101\bin\java.exe
0x00007ffb924f0000 - 0x00007ffb926c1000 	C:\WINDOWS\SYSTEM32\ntdll.dll
0x00007ffb8faf0000 - 0x00007ffb8fb9b000 	C:\WINDOWS\System32\KERNEL32.DLL
0x00007ffb8bf30000 - 0x00007ffb8bf63000 	C:\Program Files\AVAST Software\Avast\x64\aswhooka.dll
0x00007ffb8eeb0000 - 0x00007ffb8f0cd000 	C:\WINDOWS\System32\KERNELBASE.dll
0x00007ffb90720000 - 0x00007ffb907c2000 	C:\WINDOWS\System32\ADVAPI32.dll
0x00007ffb90390000 - 0x00007ffb9042e000 	C:\WINDOWS\System32\msvcrt.dll
0x00007ffb90490000 - 0x00007ffb904e9000 	C:\WINDOWS\System32\sechost.dll
0x00007ffb922f0000 - 0x00007ffb92411000 	C:\WINDOWS\System32\RPCRT4.dll
0x00007ffb904f0000 - 0x00007ffb90655000 	C:\WINDOWS\System32\USER32.dll
0x00007ffb8ece0000 - 0x00007ffb8ecfe000 	C:\WINDOWS\System32\win32u.dll
0x00007ffb92430000 - 0x00007ffb92464000 	C:\WINDOWS\System32\GDI32.dll
0x00007ffb8eb50000 - 0x00007ffb8ecd2000 	C:\WINDOWS\System32\gdi32full.dll
0x00007ffb82a20000 - 0x00007ffb82c9a000 	C:\WINDOWS\WinSxS\amd64_microsoft.windows.common-controls_6595b64144ccf1df_6.0.14393.953_none_42151e83c686086b\COMCTL32.dll
0x00007ffb90000000 - 0x00007ffb902c8000 	C:\WINDOWS\System32\combase.dll
0x00007ffb8edb0000 - 0x00007ffb8eea5000 	C:\WINDOWS\System32\ucrtbase.dll
0x00007ffb8eae0000 - 0x00007ffb8eb4a000 	C:\WINDOWS\System32\bcryptPrimitives.dll
0x00007ffb92120000 - 0x00007ffb9214e000 	C:\WINDOWS\System32\IMM32.DLL
0x0000000072190000 - 0x0000000072262000 	C:\Program Files\Java\jdk1.8.0_101\jre\bin\msvcr100.dll
0x00000000718f0000 - 0x000000007218a000 	C:\Program Files\Java\jdk1.8.0_101\jre\bin\server\jvm.dll
0x00007ffb92470000 - 0x00007ffb92478000 	C:\WINDOWS\System32\PSAPI.DLL
0x00007ffb80a10000 - 0x00007ffb80a19000 	C:\WINDOWS\SYSTEM32\WSOCK32.dll
0x00007ffb92480000 - 0x00007ffb924ea000 	C:\WINDOWS\System32\WS2_32.dll
0x00007ffb8beb0000 - 0x00007ffb8bed3000 	C:\WINDOWS\SYSTEM32\WINMM.dll
0x00007ffb8ce90000 - 0x00007ffb8ce9a000 	C:\WINDOWS\SYSTEM32\VERSION.dll
0x00007ffb8be80000 - 0x00007ffb8beab000 	C:\WINDOWS\SYSTEM32\WINMMBASE.dll
0x00007ffb8e9e0000 - 0x00007ffb8ea22000 	C:\WINDOWS\System32\cfgmgr32.dll
0x00000000718e0000 - 0x00000000718ef000 	C:\Program Files\Java\jdk1.8.0_101\jre\bin\verify.dll
0x00000000718b0000 - 0x00000000718d9000 	C:\Program Files\Java\jdk1.8.0_101\jre\bin\java.dll
0x0000000071890000 - 0x00000000718a6000 	C:\Program Files\Java\jdk1.8.0_101\jre\bin\zip.dll
0x00007ffb90c10000 - 0x00007ffb92118000 	C:\WINDOWS\System32\SHELL32.dll
0x00007ffb8f3a0000 - 0x00007ffb8fa7a000 	C:\WINDOWS\System32\windows.storage.dll
0x00007ffb8e990000 - 0x00007ffb8e9dc000 	C:\WINDOWS\System32\powrprof.dll
0x00007ffb906c0000 - 0x00007ffb90712000 	C:\WINDOWS\System32\shlwapi.dll
0x00007ffb8e960000 - 0x00007ffb8e96f000 	C:\WINDOWS\System32\kernel.appcore.dll
0x00007ffb8ea30000 - 0x00007ffb8ead9000 	C:\WINDOWS\System32\shcore.dll
0x00007ffb8e970000 - 0x00007ffb8e984000 	C:\WINDOWS\System32\profapi.dll
0x0000000071870000 - 0x000000007188a000 	C:\Program Files\Java\jdk1.8.0_101\jre\bin\net.dll
0x00007ffb8df20000 - 0x00007ffb8df7c000 	C:\WINDOWS\system32\mswsock.dll
0x0000000071850000 - 0x0000000071861000 	C:\Program Files\Java\jdk1.8.0_101\jre\bin\nio.dll
0x00007ffb8a6f0000 - 0x00007ffb8a702000 	C:\Users\Hyster\.gradle\native\19\windows-amd64\native-platform.dll
0x00007ffb8e380000 - 0x00007ffb8e397000 	C:\WINDOWS\SYSTEM32\CRYPTSP.dll
0x00007ffb8db20000 - 0x00007ffb8db53000 	C:\WINDOWS\system32\rsaenh.dll
0x00007ffb8e8a0000 - 0x00007ffb8e8cb000 	C:\WINDOWS\SYSTEM32\bcrypt.dll
0x00007ffb8dda0000 - 0x00007ffb8ddbf000 	C:\WINDOWS\SYSTEM32\USERENV.dll
0x00007ffb8e0c0000 - 0x00007ffb8e0cb000 	C:\WINDOWS\SYSTEM32\CRYPTBASE.dll
0x00007ffb8dca0000 - 0x00007ffb8dcd8000 	C:\WINDOWS\SYSTEM32\IPHLPAPI.DLL
0x00007ffb92420000 - 0x00007ffb92428000 	C:\WINDOWS\System32\NSI.dll
0x00007ffb87130000 - 0x00007ffb87146000 	C:\WINDOWS\SYSTEM32\dhcpcsvc6.DLL
0x00007ffb874b0000 - 0x00007ffb874ca000 	C:\WINDOWS\SYSTEM32\dhcpcsvc.DLL
0x0000000071840000 - 0x000000007184d000 	C:\Program Files\Java\jdk1.8.0_101\jre\bin\management.dll

VM Arguments:
jvm_args: -Dorg.gradle.appname=gradlew 
java_command: org.gradle.wrapper.GradleWrapperMain installDebug
java_class_path (initial): E:\Dropbox\Documents\projekty\FriendlyLinesManager\android\\gradle\wrapper\gradle-wrapper.jar
Launcher Type: SUN_STANDARD

Environment Variables:
JAVA_HOME=C:\Program Files\Java\jdk1.8.0_101
CLASSPATH=E:\Dropbox\Documents\projekty\FriendlyLinesManager\android\\gradle\wrapper\gradle-wrapper.jar
PATH=C:\Python27\;C:\Python27\Scripts;C:\Program Files\Haskell\bin;E:\Program Files\Haskell Platform\8.0.1\lib\extralibs\bin;E:\Program Files\Haskell Platform\8.0.1\bin;C:\ProgramData\Oracle\Java\javapath;C:\Program Files (x86)\NVIDIA Corporation\PhysX\Common;C:\WINDOWS\system32;C:\WINDOWS;C:\WINDOWS\System32\Wbem;C:\WINDOWS\System32\WindowsPowerShell\v1.0\;C:\Program Files\Microsoft SQL Server\110\Tools\Binn\;E:\Program Files (x86)\Perforce\DVCS\;C:\Program Files (x86)\Heroku\bin;C:\Program Files (x86)\git\cmd;C:\Program Files (x86)\GtkSharp\2.12\bin;C:\Program Files\Microsoft SQL Server\Client SDK\ODBC\110\Tools\Binn\;C:\Program Files (x86)\Microsoft SQL Server\120\Tools\Binn\;C:\Program Files\Microsoft SQL Server\120\Tools\Binn\;C:\Program Files\Microsoft SQL Server\120\DTS\Binn\;C:\Program Files (x86)\Microsoft SQL Server\120\Tools\Binn\ManagementStudio\;C:\Program Files (x86)\Microsoft SQL Server\120\DTS\Binn\;E:\Program Files\Haskell Platform\8.0.1\mingw\bin;C:\Program Files (x86)\Skype\Phone\;C:\ProgramData\chocolatey\bin;C:\Program Files\nodejs\;C:\Program Files\Microsoft SQL Server\130\Tools\Binn\;C:\Program Files\dotnet\;C:\Program Files\Git\cmd;C:\Users\Hyster\AppData\Roaming\cabal\bin;C:\Users\Hyster\AppData\Roaming\local\bin;C:\Users\Hyster\.dnx\bin;C:\Users\Hyster\AppData\Local\Programs\Python\Python35-32\Scripts\;C:\Users\Hyster\AppData\Local\Programs\Python\Python35-32\;C:\Program Files\Docker Toolbox;C:\Users\Hyster\AppData\Local\Microsoft\WindowsApps;C:\Users\Hyster\AppData\Roaming\npm;C:\Users\Hyster\AppData\Local\Android\sdk\tools;C:\Program Files (x86)\Android\android-sdk\platform-tools
USERNAME=Hyster
OS=Windows_NT
PROCESSOR_IDENTIFIER=Intel64 Family 6 Model 60 Stepping 3, GenuineIntel



---------------  S Y S T E M  ---------------

OS: Windows 10.0 , 64 bit Build 14393 (10.0.14393.0)

CPU:total 8 (4 cores per cpu, 2 threads per core) family 6 model 60 stepping 3, cmov, cx8, fxsr, mmx, sse, sse2, sse3, ssse3, sse4.1, sse4.2, popcnt, avx, avx2, aes, clmul, erms, lzcnt, ht, tsc, tscinvbit, bmi1, bmi2

Memory: 4k page, physical 8263652k(1072228k free), swap 12316528k(7108k free)

vm_info: Java HotSpot(TM) 64-Bit Server VM (25.101-b13) for windows-amd64 JRE (1.8.0_101-b13), built on Jun 22 2016 01:21:29 by "java_re" with MS VC++ 10.0 (VS2010)

time: Sat Apr 22 13:48:52 2017
elapsed time: 4 seconds (0d 0h 0m 4s)

